<?xml version="1.0" encoding="UTF-8"?>
<!-- Generated by org.testng.reporters.JUnitXMLReporter -->
<testsuite hostname="LAPTOP-MADV1S5R" name="Surefire test" tests="6" failures="0" timestamp="24 May 2021 19:00:31 GMT" time="0.021" errors="0">
  <testcase name="AndriodAutomation" time="0.006" classname="qa.maven.AppiumTest"/>
  <testcase name="IOSautomation" time="0.0" classname="qa.maven.AppiumTest"/>
  <testcase name="GetCall" time="0.0" classname="qa.maven.RESTAPITest"/>
  <testcase name="PostCall" time="0.0" classname="qa.maven.RESTAPITest"/>
  <testcase name="BrowserAutomation" time="0.001" classname="qa.maven.SeleniumTest"/>
  <testcase name="Elements" time="0.001" classname="qa.maven.SeleniumTest"/>
</testsuite> <!-- Surefire test -->
