<?xml version="1.0" encoding="UTF-8"?>
<testsuite xmlns:xsi="http://www.w3.org/2001/XMLSchema-instance" xsi:noNamespaceSchemaLocation="https://maven.apache.org/surefire/maven-surefire-plugin/xsd/surefire-test-report-3.0.xsd" version="3.0" name="TestSuite" time="0.412" tests="4" errors="0" skipped="0" failures="0">
  <properties>
[...]
</properties>
  <testcase name="AndriodAutomation" classname="qa.maven.AppiumTest" time="0.009">
    <system-out><![CDATA[AndriodAutomation
]]></system-out>
  </testcase>
  <testcase name="IOSautomation" classname="qa.maven.AppiumTest" time="0.001">
    <system-out><![CDATA[IOSautomation
]]></system-out>
  </testcase>
  <testcase name="BrowserAutomation" classname="qa.maven.SeleniumTest" time="0.002">
    <system-out><![CDATA[BrowserAutomation
]]></system-out>
  </testcase>
  <testcase name="Elements" classname="qa.maven.SeleniumTest" time="0">
    <system-out><![CDATA[Elements
]]></system-out>
  </testcase>
</testsuite>